#
# A fatal error has been detected by the Java Runtime Environment:
#
#  SIGSEGV (0xb) at pc=0x00000001033aa48a, pid=1506, tid=15363
#
# JRE version: Java(TM) SE Runtime Environment (9.0+11) (build 9.0.4+11)
# Java VM: Java HotSpot(TM) 64-Bit Server VM (9.0.4+11, mixed mode, tiered, compressed oops, g1 gc, bsd-amd64)
# Problematic frame:
# C  [libjimage.dylib+0x248a]  _ZNK15ImageFileReader19find_location_indexEPKcPy+0x2c
#
# No core dump will be written. Core dumps have been disabled. To enable core dumping, try "ulimit -c unlimited" before starting Java again
#
# If you would like to submit a bug report, please visit:
#   http://bugreport.java.com/bugreport/crash.jsp
#

---------------  S U M M A R Y ------------

Command Line: -agentlib:jdwp=transport=dt_socket,suspend=y,address=localhost:51016 -javaagent:/Applications/Eclipse.app/Contents/Eclipse/configuration/org.eclipse.osgi/215/0/.cp/lib/javaagent-shaded.jar -Dfile.encoding=UTF-8 Copy

Host: iMac18,2 x86_64 3400 MHz, 4 cores, 8G, Darwin 18.5.0
Time: Wed May  8 13:54:38 2019 CEST elapsed time: 562 seconds (0d 0h 9m 22s)

---------------  T H R E A D  ---------------

Current thread (0x00007fd75c80e800):  JavaThread "Signal Dispatcher" daemon [_thread_in_vm, id=15363, stack(0x0000700008a3c000,0x0000700008b3c000)]

Stack: [0x0000700008a3c000,0x0000700008b3c000],  sp=0x0000700008b3a2e0,  free space=1016k
Native frames: (J=compiled Java code, A=aot compiled Java code, j=interpreted, Vv=VM code, C=native code)
C  [libjimage.dylib+0x248a]  _ZNK15ImageFileReader19find_location_indexEPKcPy+0x2c
C  [libjimage.dylib+0x2831]  JIMAGE_FindResource+0xd7
